<?xml version="1.0" encoding="UTF-8"?>
<testsuite name="ClientTest" tests="2" skipped="0" failures="0" errors="0" timestamp="2022-11-27T21:30:31" hostname="LAPTOP-PHAM7UGQ" time="0.721">
  <properties/>
  <testcase name="removeObserver()" classname="ClientTest" time="0.712"/>
  <testcase name="addObserver()" classname="ClientTest" time="0.008"/>
  <system-out><![CDATA[]]></system-out>
  <system-err><![CDATA[]]></system-err>
</testsuite>
