<?xml version="1.0" encoding="UTF-8"?>
<testsuite name="StringBarTest" tests="1" skipped="0" failures="0" errors="0" timestamp="2022-11-27T21:30:31" hostname="LAPTOP-PHAM7UGQ" time="0.002">
  <properties/>
  <testcase name="happyHour()" classname="StringBarTest" time="0.002"/>
  <system-out><![CDATA[]]></system-out>
  <system-err><![CDATA[]]></system-err>
</testsuite>
